<?xml version="1.0" encoding="UTF-8"?>
<coverage generated="1776465967926" clover="3.2.0">
  <project timestamp="1776465967926" name="All files">
    <metrics statements="160" coveredstatements="156" conditionals="60" coveredconditionals="43" methods="45" coveredmethods="39" elements="265" coveredelements="238" complexity="0" loc="160" ncloc="160" packages="5" files="10" classes="10"/>
    <package name="app.login">
      <metrics statements="21" coveredstatements="21" conditionals="5" coveredconditionals="4" methods="4" coveredmethods="4"/>
      <file name="page.tsx" path="/Users/dhruvgorasiya/Documents/Active/Northeastern University Academic Docs/Spring 2026/Vibe coding/Project 3/MockReady/frontend/app/login/page.tsx">
        <metrics statements="21" coveredstatements="21" conditionals="5" coveredconditionals="4" methods="4" coveredmethods="4"/>
        <line num="3" count="1" type="stmt"/>
        <line num="4" count="1" type="stmt"/>
        <line num="5" count="1" type="stmt"/>
        <line num="6" count="1" type="stmt"/>
        <line num="8" count="5" type="stmt"/>
        <line num="9" count="53" type="stmt"/>
        <line num="10" count="53" type="stmt"/>
        <line num="11" count="53" type="stmt"/>
        <line num="12" count="53" type="stmt"/>
        <line num="13" count="53" type="stmt"/>
        <line num="14" count="53" type="stmt"/>
        <line num="17" count="2" type="stmt"/>
        <line num="18" count="2" type="stmt"/>
        <line num="19" count="2" type="stmt"/>
        <line num="20" count="2" type="stmt"/>
        <line num="21" count="2" type="stmt"/>
        <line num="22" count="1" type="stmt"/>
        <line num="24" count="1" type="cond" truecount="1" falsecount="1"/>
        <line num="26" count="2" type="stmt"/>
        <line num="45" count="26" type="stmt"/>
        <line num="59" count="18" type="stmt"/>
      </file>
    </package>
    <package name="app.register">
      <metrics statements="26" coveredstatements="26" conditionals="6" coveredconditionals="5" methods="5" coveredmethods="5"/>
      <file name="page.tsx" path="/Users/dhruvgorasiya/Documents/Active/Northeastern University Academic Docs/Spring 2026/Vibe coding/Project 3/MockReady/frontend/app/register/page.tsx">
        <metrics statements="26" coveredstatements="26" conditionals="6" coveredconditionals="5" methods="5" coveredmethods="5"/>
        <line num="3" count="1" type="stmt"/>
        <line num="4" count="1" type="stmt"/>
        <line num="5" count="1" type="stmt"/>
        <line num="6" count="1" type="stmt"/>
        <line num="8" count="6" type="stmt"/>
        <line num="9" count="105" type="stmt"/>
        <line num="10" count="105" type="stmt"/>
        <line num="11" count="105" type="stmt"/>
        <line num="12" count="105" type="stmt"/>
        <line num="13" count="105" type="stmt"/>
        <line num="14" count="105" type="stmt"/>
        <line num="15" count="105" type="stmt"/>
        <line num="18" count="3" type="stmt"/>
        <line num="19" count="3" type="stmt"/>
        <line num="21" count="3" type="cond" truecount="1" falsecount="0"/>
        <line num="22" count="1" type="stmt"/>
        <line num="23" count="1" type="stmt"/>
        <line num="26" count="2" type="stmt"/>
        <line num="27" count="2" type="stmt"/>
        <line num="28" count="2" type="stmt"/>
        <line num="29" count="1" type="stmt"/>
        <line num="31" count="1" type="cond" truecount="1" falsecount="1"/>
        <line num="33" count="2" type="stmt"/>
        <line num="52" count="39" type="stmt"/>
        <line num="66" count="27" type="stmt"/>
        <line num="80" count="28" type="stmt"/>
      </file>
    </package>
    <package name="components.coach">
      <metrics statements="24" coveredstatements="22" conditionals="19" coveredconditionals="12" methods="6" coveredmethods="3"/>
      <file name="CoachScoreForm.tsx" path="/Users/dhruvgorasiya/Documents/Active/Northeastern University Academic Docs/Spring 2026/Vibe coding/Project 3/MockReady/frontend/components/coach/CoachScoreForm.tsx">
        <metrics statements="24" coveredstatements="22" conditionals="19" coveredconditionals="12" methods="6" coveredmethods="3"/>
        <line num="3" count="1" type="stmt"/>
        <line num="4" count="1" type="stmt"/>
        <line num="5" count="1" type="stmt"/>
        <line num="14" count="1" type="stmt"/>
        <line num="22" count="6" type="stmt"/>
        <line num="23" count="10" type="stmt"/>
        <line num="24" count="10" type="stmt"/>
        <line num="26" count="10" type="stmt"/>
        <line num="33" count="10" type="stmt"/>
        <line num="34" count="10" type="stmt"/>
        <line num="35" count="10" type="stmt"/>
        <line num="37" count="10" type="cond" truecount="1" falsecount="0"/>
        <line num="46" count="2" type="stmt"/>
        <line num="47" count="2" type="cond" truecount="0" falsecount="1"/>
        <line num="48" count="2" type="stmt"/>
        <line num="49" count="2" type="stmt"/>
        <line num="50" count="2" type="stmt"/>
        <line num="51" count="2" type="stmt"/>
        <line num="57" count="1" type="stmt"/>
        <line num="59" count="1" type="cond" truecount="1" falsecount="1"/>
        <line num="61" count="2" type="stmt"/>
        <line num="69" count="45" type="stmt"/>
        <line num="83" count="0" type="stmt"/>
        <line num="99" count="0" type="stmt"/>
      </file>
    </package>
    <package name="components.session">
      <metrics statements="67" coveredstatements="65" conditionals="28" coveredconditionals="21" methods="24" coveredmethods="21"/>
      <file name="DashboardClient.tsx" path="/Users/dhruvgorasiya/Documents/Active/Northeastern University Academic Docs/Spring 2026/Vibe coding/Project 3/MockReady/frontend/components/session/DashboardClient.tsx">
        <metrics statements="21" coveredstatements="21" conditionals="6" coveredconditionals="4" methods="5" coveredmethods="5"/>
        <line num="3" count="1" type="stmt"/>
        <line num="4" count="1" type="stmt"/>
        <line num="5" count="1" type="stmt"/>
        <line num="10" count="1" type="stmt"/>
        <line num="11" count="1" type="stmt"/>
        <line num="12" count="1" type="stmt"/>
        <line num="19" count="5" type="stmt"/>
        <line num="20" count="9" type="stmt"/>
        <line num="21" count="9" type="stmt"/>
        <line num="23" count="9" type="stmt"/>
        <line num="24" count="5" type="cond" truecount="0" falsecount="1"/>
        <line num="26" count="5" type="stmt"/>
        <line num="28" count="3" type="stmt"/>
        <line num="31" count="1" type="cond" truecount="1" falsecount="1"/>
        <line num="32" count="1" type="stmt"/>
        <line num="36" count="9" type="cond" truecount="1" falsecount="0"/>
        <line num="44" count="4" type="cond" truecount="1" falsecount="0"/>
        <line num="53" count="3" type="stmt"/>
        <line num="55" count="3" type="cond" truecount="1" falsecount="0"/>
        <line num="56" count="1" type="stmt"/>
        <line num="77" count="3" type="stmt"/>
      </file>
      <file name="DimensionBreakdown.tsx" path="/Users/dhruvgorasiya/Documents/Active/Northeastern University Academic Docs/Spring 2026/Vibe coding/Project 3/MockReady/frontend/components/session/DimensionBreakdown.tsx">
        <metrics statements="7" coveredstatements="7" conditionals="8" coveredconditionals="8" methods="3" coveredmethods="3"/>
        <line num="8" count="2" type="stmt"/>
        <line num="17" count="50" type="stmt"/>
        <line num="19" count="50" type="cond" truecount="4" falsecount="0"/>
        <line num="35" count="10" type="stmt"/>
        <line num="36" count="10" type="stmt"/>
        <line num="49" count="50" type="cond" truecount="2" falsecount="0"/>
        <line num="50" count="50" type="stmt"/>
      </file>
      <file name="EmptySessionState.tsx" path="/Users/dhruvgorasiya/Documents/Active/Northeastern University Academic Docs/Spring 2026/Vibe coding/Project 3/MockReady/frontend/components/session/EmptySessionState.tsx">
        <metrics statements="2" coveredstatements="2" conditionals="0" coveredconditionals="0" methods="1" coveredmethods="1"/>
        <line num="1" count="2" type="stmt"/>
        <line num="3" count="4" type="stmt"/>
      </file>
      <file name="SessionCard.tsx" path="/Users/dhruvgorasiya/Documents/Active/Northeastern University Academic Docs/Spring 2026/Vibe coding/Project 3/MockReady/frontend/components/session/SessionCard.tsx">
        <metrics statements="6" coveredstatements="6" conditionals="5" coveredconditionals="3" methods="1" coveredmethods="1"/>
        <line num="7" count="2" type="stmt"/>
        <line num="13" count="2" type="stmt"/>
        <line num="21" count="9" type="stmt"/>
        <line num="22" count="9" type="stmt"/>
        <line num="29" count="9" type="cond" truecount="1" falsecount="1"/>
        <line num="31" count="9" type="cond" truecount="1" falsecount="1"/>
      </file>
      <file name="SessionDetailClient.tsx" path="/Users/dhruvgorasiya/Documents/Active/Northeastern University Academic Docs/Spring 2026/Vibe coding/Project 3/MockReady/frontend/components/session/SessionDetailClient.tsx">
        <metrics statements="23" coveredstatements="22" conditionals="8" coveredconditionals="5" methods="9" coveredmethods="7"/>
        <line num="3" count="1" type="stmt"/>
        <line num="4" count="1" type="stmt"/>
        <line num="5" count="1" type="stmt"/>
        <line num="7" count="1" type="stmt"/>
        <line num="18" count="6" type="stmt"/>
        <line num="19" count="12" type="stmt"/>
        <line num="20" count="12" type="stmt"/>
        <line num="21" count="12" type="stmt"/>
        <line num="23" count="12" type="stmt"/>
        <line num="24" count="6" type="cond" truecount="0" falsecount="1"/>
        <line num="25" count="6" type="stmt"/>
        <line num="26" count="4" type="stmt"/>
        <line num="28" count="1" type="stmt"/>
        <line num="35" count="12" type="cond" truecount="1" falsecount="0"/>
        <line num="43" count="6" type="cond" truecount="1" falsecount="0"/>
        <line num="52" count="5" type="stmt"/>
        <line num="53" count="5" type="stmt"/>
        <line num="54" count="5" type="stmt"/>
        <line num="56" count="5" type="stmt"/>
        <line num="57" count="5" type="stmt"/>
        <line num="59" count="5" type="cond" truecount="0" falsecount="1"/>
        <line num="113" count="0" type="stmt"/>
        <line num="126" count="1" type="stmt"/>
      </file>
      <file name="TrendChart.tsx" path="/Users/dhruvgorasiya/Documents/Active/Northeastern University Academic Docs/Spring 2026/Vibe coding/Project 3/MockReady/frontend/components/session/TrendChart.tsx">
        <metrics statements="8" coveredstatements="7" conditionals="1" coveredconditionals="1" methods="5" coveredmethods="4"/>
        <line num="11" count="2" type="stmt"/>
        <line num="18" count="6" type="stmt"/>
        <line num="19" count="6" type="cond" truecount="1" falsecount="0"/>
        <line num="29" count="13" type="stmt"/>
        <line num="42" count="4" type="stmt"/>
        <line num="68" count="20" type="stmt"/>
        <line num="91" count="0" type="stmt"/>
        <line num="101" count="20" type="stmt"/>
      </file>
    </package>
    <package name="lib.auth">
      <metrics statements="22" coveredstatements="22" conditionals="2" coveredconditionals="1" methods="6" coveredmethods="6"/>
      <file name="AuthContext.tsx" path="/Users/dhruvgorasiya/Documents/Active/Northeastern University Academic Docs/Spring 2026/Vibe coding/Project 3/MockReady/frontend/lib/auth/AuthContext.tsx">
        <metrics statements="22" coveredstatements="22" conditionals="2" coveredconditionals="1" methods="6" coveredmethods="6"/>
        <line num="3" count="1" type="stmt"/>
        <line num="4" count="1" type="stmt"/>
        <line num="6" count="1" type="stmt"/>
        <line num="17" count="1" type="stmt"/>
        <line num="19" count="1" type="stmt"/>
        <line num="20" count="13" type="stmt"/>
        <line num="21" count="13" type="stmt"/>
        <line num="24" count="13" type="stmt"/>
        <line num="25" count="5" type="stmt"/>
        <line num="26" count="5" type="cond" truecount="1" falsecount="0"/>
        <line num="27" count="5" type="stmt"/>
        <line num="31" count="2" type="stmt"/>
        <line num="32" count="2" type="stmt"/>
        <line num="33" count="2" type="stmt"/>
        <line num="37" count="1" type="stmt"/>
        <line num="39" count="1" type="stmt"/>
        <line num="43" count="1" type="stmt"/>
        <line num="44" count="1" type="stmt"/>
        <line num="63" count="13" type="stmt"/>
        <line num="64" count="13" type="stmt"/>
        <line num="65" count="13" type="cond" truecount="0" falsecount="1"/>
        <line num="66" count="13" type="stmt"/>
      </file>
    </package>
  </project>
</coverage>
