{"/Users/dhruvgorasiya/Documents/Active/Northeastern University Academic Docs/Spring 2026/Vibe coding/Project 3/MockReady/frontend/app/login/page.tsx": {"path":"/Users/dhruvgorasiya/Documents/Active/Northeastern University Academic Docs/Spring 2026/Vibe coding/Project 3/MockReady/frontend/app/login/page.tsx","statementMap":{"0":{"start":{"line":8,"column":24},"end":{"line":8,"column":null}},"1":{"start":{"line":3,"column":25},"end":{"line":3,"column":null}},"2":{"start":{"line":4,"column":26},"end":{"line":4,"column":null}},"3":{"start":{"line":5,"column":17},"end":{"line":5,"column":null}},"4":{"start":{"line":6,"column":24},"end":{"line":6,"column":null}},"5":{"start":{"line":9,"column":17},"end":{"line":9,"column":null}},"6":{"start":{"line":10,"column":20},"end":{"line":10,"column":null}},"7":{"start":{"line":11,"column":28},"end":{"line":11,"column":null}},"8":{"start":{"line":12,"column":34},"end":{"line":12,"column":null}},"9":{"start":{"line":13,"column":28},"end":{"line":13,"column":null}},"10":{"start":{"line":14,"column":32},"end":{"line":14,"column":null}},"11":{"start":{"line":17,"column":4},"end":{"line":17,"column":null}},"12":{"start":{"line":18,"column":4},"end":{"line":18,"column":null}},"13":{"start":{"line":19,"column":4},"end":{"line":19,"column":null}},"14":{"start":{"line":20,"column":4},"end":{"line":27,"column":null}},"15":{"start":{"line":21,"column":6},"end":{"line":21,"column":null}},"16":{"start":{"line":22,"column":6},"end":{"line":22,"column":null}},"17":{"start":{"line":24,"column":6},"end":{"line":24,"column":null}},"18":{"start":{"line":26,"column":6},"end":{"line":26,"column":null}},"19":{"start":{"line":45,"column":31},"end":{"line":45,"column":null}},"20":{"start":{"line":59,"column":31},"end":{"line":59,"column":null}}},"fnMap":{"0":{"name":"LoginPage","decl":{"start":{"line":8,"column":24},"end":{"line":8,"column":null}},"loc":{"start":{"line":8,"column":24},"end":{"line":88,"column":null}}},"1":{"name":"handleSubmit","decl":{"start":{"line":16,"column":17},"end":{"line":16,"column":30}},"loc":{"start":{"line":16,"column":48},"end":{"line":28,"column":null}}},"2":{"name":"(anonymous_4)","decl":{"start":{"line":45,"column":24},"end":{"line":45,"column":25}},"loc":{"start":{"line":45,"column":31},"end":{"line":45,"column":null}}},"3":{"name":"(anonymous_5)","decl":{"start":{"line":59,"column":24},"end":{"line":59,"column":25}},"loc":{"start":{"line":59,"column":31},"end":{"line":59,"column":null}}}},"branchMap":{"0":{"loc":{"start":{"line":24,"column":15},"end":{"line":24,"column":null}},"type":"cond-expr","locations":[{"start":{"line":24,"column":38},"end":{"line":24,"column":49}},{"start":{"line":24,"column":52},"end":{"line":24,"column":null}}]},"1":{"loc":{"start":{"line":64,"column":11},"end":{"line":64,"column":null}},"type":"binary-expr","locations":[{"start":{"line":64,"column":11},"end":{"line":64,"column":null}}]},"2":{"loc":{"start":{"line":75,"column":13},"end":{"line":75,"column":null}},"type":"cond-expr","locations":[{"start":{"line":75,"column":23},"end":{"line":75,"column":39}},{"start":{"line":75,"column":39},"end":{"line":75,"column":null}}]}},"s":{"0":5,"1":1,"2":1,"3":1,"4":1,"5":53,"6":53,"7":53,"8":53,"9":53,"10":53,"11":2,"12":2,"13":2,"14":2,"15":2,"16":1,"17":1,"18":2,"19":26,"20":18},"f":{"0":53,"1":2,"2":26,"3":18},"b":{"0":[1,0],"1":[53],"2":[2,51]}}
,"/Users/dhruvgorasiya/Documents/Active/Northeastern University Academic Docs/Spring 2026/Vibe coding/Project 3/MockReady/frontend/app/register/page.tsx": {"path":"/Users/dhruvgorasiya/Documents/Active/Northeastern University Academic Docs/Spring 2026/Vibe coding/Project 3/MockReady/frontend/app/register/page.tsx","statementMap":{"0":{"start":{"line":8,"column":24},"end":{"line":8,"column":null}},"1":{"start":{"line":3,"column":25},"end":{"line":3,"column":null}},"2":{"start":{"line":4,"column":26},"end":{"line":4,"column":null}},"3":{"start":{"line":5,"column":17},"end":{"line":5,"column":null}},"4":{"start":{"line":6,"column":24},"end":{"line":6,"column":null}},"5":{"start":{"line":9,"column":17},"end":{"line":9,"column":null}},"6":{"start":{"line":10,"column":23},"end":{"line":10,"column":null}},"7":{"start":{"line":11,"column":28},"end":{"line":11,"column":null}},"8":{"start":{"line":12,"column":34},"end":{"line":12,"column":null}},"9":{"start":{"line":13,"column":32},"end":{"line":13,"column":null}},"10":{"start":{"line":14,"column":28},"end":{"line":14,"column":null}},"11":{"start":{"line":15,"column":32},"end":{"line":15,"column":null}},"12":{"start":{"line":18,"column":4},"end":{"line":18,"column":null}},"13":{"start":{"line":19,"column":4},"end":{"line":19,"column":null}},"14":{"start":{"line":21,"column":4},"end":{"line":24,"column":null}},"15":{"start":{"line":22,"column":6},"end":{"line":22,"column":null}},"16":{"start":{"line":23,"column":6},"end":{"line":23,"column":null}},"17":{"start":{"line":26,"column":4},"end":{"line":26,"column":null}},"18":{"start":{"line":27,"column":4},"end":{"line":34,"column":null}},"19":{"start":{"line":28,"column":6},"end":{"line":28,"column":null}},"20":{"start":{"line":29,"column":6},"end":{"line":29,"column":null}},"21":{"start":{"line":31,"column":6},"end":{"line":31,"column":null}},"22":{"start":{"line":33,"column":6},"end":{"line":33,"column":null}},"23":{"start":{"line":52,"column":31},"end":{"line":52,"column":null}},"24":{"start":{"line":66,"column":31},"end":{"line":66,"column":null}},"25":{"start":{"line":80,"column":31},"end":{"line":80,"column":null}}},"fnMap":{"0":{"name":"RegisterPage","decl":{"start":{"line":8,"column":24},"end":{"line":8,"column":null}},"loc":{"start":{"line":8,"column":24},"end":{"line":109,"column":null}}},"1":{"name":"handleSubmit","decl":{"start":{"line":17,"column":17},"end":{"line":17,"column":30}},"loc":{"start":{"line":17,"column":48},"end":{"line":35,"column":null}}},"2":{"name":"(anonymous_4)","decl":{"start":{"line":52,"column":24},"end":{"line":52,"column":25}},"loc":{"start":{"line":52,"column":31},"end":{"line":52,"column":null}}},"3":{"name":"(anonymous_5)","decl":{"start":{"line":66,"column":24},"end":{"line":66,"column":25}},"loc":{"start":{"line":66,"column":31},"end":{"line":66,"column":null}}},"4":{"name":"(anonymous_6)","decl":{"start":{"line":80,"column":24},"end":{"line":80,"column":25}},"loc":{"start":{"line":80,"column":31},"end":{"line":80,"column":null}}}},"branchMap":{"0":{"loc":{"start":{"line":21,"column":4},"end":{"line":24,"column":null}},"type":"if","locations":[{"start":{"line":21,"column":4},"end":{"line":24,"column":null}}]},"1":{"loc":{"start":{"line":31,"column":15},"end":{"line":31,"column":null}},"type":"cond-expr","locations":[{"start":{"line":31,"column":38},"end":{"line":31,"column":49}},{"start":{"line":31,"column":52},"end":{"line":31,"column":null}}]},"2":{"loc":{"start":{"line":85,"column":11},"end":{"line":85,"column":null}},"type":"binary-expr","locations":[{"start":{"line":85,"column":11},"end":{"line":85,"column":null}}]},"3":{"loc":{"start":{"line":96,"column":13},"end":{"line":96,"column":null}},"type":"cond-expr","locations":[{"start":{"line":96,"column":23},"end":{"line":96,"column":45}},{"start":{"line":96,"column":45},"end":{"line":96,"column":null}}]}},"s":{"0":6,"1":1,"2":1,"3":1,"4":1,"5":105,"6":105,"7":105,"8":105,"9":105,"10":105,"11":105,"12":3,"13":3,"14":3,"15":1,"16":1,"17":2,"18":2,"19":2,"20":1,"21":1,"22":2,"23":39,"24":27,"25":28},"f":{"0":105,"1":3,"2":39,"3":27,"4":28},"b":{"0":[1],"1":[1,0],"2":[105],"3":[2,103]}}
,"/Users/dhruvgorasiya/Documents/Active/Northeastern University Academic Docs/Spring 2026/Vibe coding/Project 3/MockReady/frontend/components/coach/CoachScoreForm.tsx": {"path":"/Users/dhruvgorasiya/Documents/Active/Northeastern University Academic Docs/Spring 2026/Vibe coding/Project 3/MockReady/frontend/components/coach/CoachScoreForm.tsx","statementMap":{"0":{"start":{"line":22,"column":24},"end":{"line":22,"column":39}},"1":{"start":{"line":3,"column":25},"end":{"line":3,"column":null}},"2":{"start":{"line":4,"column":33},"end":{"line":4,"column":null}},"3":{"start":{"line":5,"column":24},"end":{"line":5,"column":null}},"4":{"start":{"line":14,"column":93},"end":{"line":20,"column":null}},"5":{"start":{"line":23,"column":20},"end":{"line":23,"column":null}},"6":{"start":{"line":24,"column":13},"end":{"line":24,"column":31}},"7":{"start":{"line":26,"column":30},"end":{"line":32,"column":null}},"8":{"start":{"line":33,"column":44},"end":{"line":33,"column":null}},"9":{"start":{"line":34,"column":32},"end":{"line":34,"column":null}},"10":{"start":{"line":35,"column":28},"end":{"line":35,"column":null}},"11":{"start":{"line":37,"column":2},"end":{"line":43,"column":null}},"12":{"start":{"line":46,"column":4},"end":{"line":46,"column":null}},"13":{"start":{"line":47,"column":4},"end":{"line":47,"column":null}},"14":{"start":{"line":47,"column":16},"end":{"line":47,"column":null}},"15":{"start":{"line":48,"column":4},"end":{"line":48,"column":null}},"16":{"start":{"line":49,"column":4},"end":{"line":49,"column":null}},"17":{"start":{"line":50,"column":4},"end":{"line":62,"column":null}},"18":{"start":{"line":51,"column":22},"end":{"line":55,"column":null}},"19":{"start":{"line":57,"column":6},"end":{"line":57,"column":null}},"20":{"start":{"line":59,"column":6},"end":{"line":59,"column":null}},"21":{"start":{"line":61,"column":6},"end":{"line":61,"column":null}},"22":{"start":{"line":69,"column":10},"end":{"line":69,"column":null}},"23":{"start":{"line":83,"column":16},"end":{"line":83,"column":null}},"24":{"start":{"line":83,"column":37},"end":{"line":83,"column":null}},"25":{"start":{"line":99,"column":27},"end":{"line":99,"column":null}}},"fnMap":{"0":{"name":"CoachScoreForm","decl":{"start":{"line":22,"column":24},"end":{"line":22,"column":39}},"loc":{"start":{"line":22,"column":87},"end":{"line":120,"column":null}}},"1":{"name":"handleSubmit","decl":{"start":{"line":45,"column":17},"end":{"line":45,"column":30}},"loc":{"start":{"line":45,"column":48},"end":{"line":63,"column":null}}},"2":{"name":"(anonymous_3)","decl":{"start":{"line":68,"column":24},"end":{"line":68,"column":25}},"loc":{"start":{"line":69,"column":10},"end":{"line":69,"column":null}}},"3":{"name":"(anonymous_4)","decl":{"start":{"line":82,"column":24},"end":{"line":82,"column":25}},"loc":{"start":{"line":83,"column":16},"end":{"line":83,"column":null}}},"4":{"name":"(anonymous_5)","decl":{"start":{"line":83,"column":26},"end":{"line":83,"column":27}},"loc":{"start":{"line":83,"column":37},"end":{"line":83,"column":null}}},"5":{"name":"(anonymous_6)","decl":{"start":{"line":99,"column":20},"end":{"line":99,"column":21}},"loc":{"start":{"line":99,"column":27},"end":{"line":99,"column":null}}}},"branchMap":{"0":{"loc":{"start":{"line":27,"column":13},"end":{"line":27,"column":null}},"type":"binary-expr","locations":[{"start":{"line":27,"column":13},"end":{"line":27,"column":28}},{"start":{"line":27,"column":28},"end":{"line":27,"column":null}}]},"1":{"loc":{"start":{"line":28,"column":11},"end":{"line":28,"column":null}},"type":"binary-expr","locations":[{"start":{"line":28,"column":11},"end":{"line":28,"column":24}},{"start":{"line":28,"column":24},"end":{"line":28,"column":null}}]},"2":{"loc":{"start":{"line":29,"column":15},"end":{"line":29,"column":null}},"type":"binary-expr","locations":[{"start":{"line":29,"column":15},"end":{"line":29,"column":32}},{"start":{"line":29,"column":32},"end":{"line":29,"column":null}}]},"3":{"loc":{"start":{"line":30,"column":15},"end":{"line":30,"column":null}},"type":"binary-expr","locations":[{"start":{"line":30,"column":15},"end":{"line":30,"column":32}},{"start":{"line":30,"column":32},"end":{"line":30,"column":null}}]},"4":{"loc":{"start":{"line":31,"column":27},"end":{"line":31,"column":null}},"type":"binary-expr","locations":[{"start":{"line":31,"column":27},"end":{"line":31,"column":56}},{"start":{"line":31,"column":56},"end":{"line":31,"column":null}}]},"5":{"loc":{"start":{"line":37,"column":2},"end":{"line":43,"column":null}},"type":"if","locations":[{"start":{"line":37,"column":2},"end":{"line":43,"column":null}}]},"6":{"loc":{"start":{"line":47,"column":4},"end":{"line":47,"column":null}},"type":"if","locations":[{"start":{"line":47,"column":4},"end":{"line":47,"column":null}}]},"7":{"loc":{"start":{"line":54,"column":33},"end":{"line":54,"column":60}},"type":"binary-expr","locations":[{"start":{"line":54,"column":33},"end":{"line":54,"column":50}},{"start":{"line":54,"column":50},"end":{"line":54,"column":60}}]},"8":{"loc":{"start":{"line":59,"column":15},"end":{"line":59,"column":null}},"type":"cond-expr","locations":[{"start":{"line":59,"column":38},"end":{"line":59,"column":49}},{"start":{"line":59,"column":52},"end":{"line":59,"column":null}}]},"9":{"loc":{"start":{"line":105,"column":7},"end":{"line":105,"column":null}},"type":"binary-expr","locations":[{"start":{"line":105,"column":7},"end":{"line":105,"column":null}}]},"10":{"loc":{"start":{"line":116,"column":9},"end":{"line":116,"column":null}},"type":"cond-expr","locations":[{"start":{"line":116,"column":19},"end":{"line":116,"column":35}},{"start":{"line":116,"column":35},"end":{"line":116,"column":null}}]}},"s":{"0":6,"1":1,"2":1,"3":1,"4":1,"5":10,"6":10,"7":10,"8":10,"9":10,"10":10,"11":10,"12":2,"13":2,"14":0,"15":2,"16":2,"17":2,"18":2,"19":1,"20":1,"21":2,"22":45,"23":0,"24":0,"25":0},"f":{"0":10,"1":2,"2":45,"3":0,"4":0,"5":0},"b":{"0":[10,0],"1":[10,0],"2":[10,0],"3":[10,0],"4":[10,0],"5":[1],"6":[0],"7":[2,2],"8":[1,0],"9":[9],"10":[2,7]}}
,"/Users/dhruvgorasiya/Documents/Active/Northeastern University Academic Docs/Spring 2026/Vibe coding/Project 3/MockReady/frontend/components/session/DashboardClient.tsx": {"path":"/Users/dhruvgorasiya/Documents/Active/Northeastern University Academic Docs/Spring 2026/Vibe coding/Project 3/MockReady/frontend/components/session/DashboardClient.tsx","statementMap":{"0":{"start":{"line":19,"column":24},"end":{"line":19,"column":null}},"1":{"start":{"line":3,"column":36},"end":{"line":3,"column":null}},"2":{"start":{"line":4,"column":50},"end":{"line":4,"column":null}},"3":{"start":{"line":5,"column":24},"end":{"line":5,"column":null}},"4":{"start":{"line":10,"column":30},"end":{"line":10,"column":null}},"5":{"start":{"line":11,"column":24},"end":{"line":11,"column":null}},"6":{"start":{"line":12,"column":23},"end":{"line":12,"column":null}},"7":{"start":{"line":20,"column":28},"end":{"line":20,"column":null}},"8":{"start":{"line":21,"column":20},"end":{"line":21,"column":null}},"9":{"start":{"line":23,"column":2},"end":{"line":34,"column":null}},"10":{"start":{"line":24,"column":4},"end":{"line":24,"column":null}},"11":{"start":{"line":24,"column":16},"end":{"line":24,"column":null}},"12":{"start":{"line":26,"column":4},"end":{"line":33,"column":null}},"13":{"start":{"line":28,"column":8},"end":{"line":28,"column":null}},"14":{"start":{"line":31,"column":24},"end":{"line":31,"column":null}},"15":{"start":{"line":32,"column":8},"end":{"line":32,"column":null}},"16":{"start":{"line":36,"column":2},"end":{"line":42,"column":null}},"17":{"start":{"line":44,"column":2},"end":{"line":51,"column":null}},"18":{"start":{"line":53,"column":30},"end":{"line":53,"column":null}},"19":{"start":{"line":55,"column":2},"end":{"line":57,"column":null}},"20":{"start":{"line":56,"column":4},"end":{"line":56,"column":null}},"21":{"start":{"line":77,"column":12},"end":{"line":77,"column":32}}},"fnMap":{"0":{"name":"DashboardClient","decl":{"start":{"line":19,"column":24},"end":{"line":19,"column":null}},"loc":{"start":{"line":19,"column":24},"end":{"line":85,"column":null}}},"1":{"name":"(anonymous_3)","decl":{"start":{"line":23,"column":12},"end":{"line":23,"column":null}},"loc":{"start":{"line":23,"column":12},"end":{"line":34,"column":5}}},"2":{"name":"(anonymous_4)","decl":{"start":{"line":27,"column":12},"end":{"line":27,"column":13}},"loc":{"start":{"line":27,"column":30},"end":{"line":29,"column":null}}},"3":{"name":"(anonymous_5)","decl":{"start":{"line":30,"column":13},"end":{"line":30,"column":14}},"loc":{"start":{"line":30,"column":14},"end":{"line":33,"column":null}}},"4":{"name":"(anonymous_6)","decl":{"start":{"line":76,"column":32},"end":{"line":76,"column":33}},"loc":{"start":{"line":77,"column":12},"end":{"line":77,"column":32}}}},"branchMap":{"0":{"loc":{"start":{"line":24,"column":4},"end":{"line":24,"column":null}},"type":"if","locations":[{"start":{"line":24,"column":4},"end":{"line":24,"column":null}}]},"1":{"loc":{"start":{"line":31,"column":24},"end":{"line":31,"column":null}},"type":"cond-expr","locations":[{"start":{"line":31,"column":47},"end":{"line":31,"column":58}},{"start":{"line":31,"column":61},"end":{"line":31,"column":null}}]},"2":{"loc":{"start":{"line":36,"column":2},"end":{"line":42,"column":null}},"type":"if","locations":[{"start":{"line":36,"column":2},"end":{"line":42,"column":null}}]},"3":{"loc":{"start":{"line":44,"column":2},"end":{"line":51,"column":null}},"type":"if","locations":[{"start":{"line":44,"column":2},"end":{"line":51,"column":null}}]},"4":{"loc":{"start":{"line":55,"column":2},"end":{"line":57,"column":null}},"type":"if","locations":[{"start":{"line":55,"column":2},"end":{"line":57,"column":null}}]}},"s":{"0":5,"1":1,"2":1,"3":1,"4":1,"5":1,"6":1,"7":9,"8":9,"9":9,"10":5,"11":0,"12":5,"13":3,"14":1,"15":1,"16":9,"17":4,"18":3,"19":3,"20":1,"21":3},"f":{"0":9,"1":5,"2":3,"3":1,"4":3},"b":{"0":[0],"1":[1,0],"2":[5],"3":[1],"4":[1]}}
,"/Users/dhruvgorasiya/Documents/Active/Northeastern University Academic Docs/Spring 2026/Vibe coding/Project 3/MockReady/frontend/components/session/DimensionBreakdown.tsx": {"path":"/Users/dhruvgorasiya/Documents/Active/Northeastern University Academic Docs/Spring 2026/Vibe coding/Project 3/MockReady/frontend/components/session/DimensionBreakdown.tsx","statementMap":{"0":{"start":{"line":35,"column":24},"end":{"line":35,"column":43}},"1":{"start":{"line":8,"column":68},"end":{"line":14,"column":null}},"2":{"start":{"line":17,"column":14},"end":{"line":17,"column":null}},"3":{"start":{"line":19,"column":4},"end":{"line":19,"column":null}},"4":{"start":{"line":36,"column":19},"end":{"line":36,"column":null}},"5":{"start":{"line":49,"column":32},"end":{"line":49,"column":76}},"6":{"start":{"line":50,"column":10},"end":{"line":51,"column":27}}},"fnMap":{"0":{"name":"ScoreBar","decl":{"start":{"line":16,"column":9},"end":{"line":16,"column":18}},"loc":{"start":{"line":16,"column":46},"end":{"line":33,"column":null}}},"1":{"name":"DimensionBreakdown","decl":{"start":{"line":35,"column":24},"end":{"line":35,"column":43}},"loc":{"start":{"line":35,"column":75},"end":{"line":67,"column":null}}},"2":{"name":"(anonymous_3)","decl":{"start":{"line":48,"column":24},"end":{"line":48,"column":25}},"loc":{"start":{"line":48,"column":39},"end":{"line":63,"column":null}}}},"branchMap":{"0":{"loc":{"start":{"line":19,"column":4},"end":{"line":19,"column":null}},"type":"cond-expr","locations":[{"start":{"line":19,"column":17},"end":{"line":19,"column":34}},{"start":{"line":19,"column":34},"end":{"line":19,"column":null}}]},"1":{"loc":{"start":{"line":19,"column":34},"end":{"line":19,"column":null}},"type":"cond-expr","locations":[{"start":{"line":19,"column":47},"end":{"line":19,"column":65}},{"start":{"line":19,"column":65},"end":{"line":19,"column":null}}]},"2":{"loc":{"start":{"line":40,"column":7},"end":{"line":40,"column":null}},"type":"binary-expr","locations":[{"start":{"line":40,"column":7},"end":{"line":40,"column":null}}]},"3":{"loc":{"start":{"line":49,"column":32},"end":{"line":49,"column":76}},"type":"cond-expr","locations":[{"start":{"line":49,"column":43},"end":{"line":49,"column":60}},{"start":{"line":49,"column":63},"end":{"line":49,"column":76}}]},"4":{"loc":{"start":{"line":54,"column":17},"end":{"line":54,"column":null}},"type":"binary-expr","locations":[{"start":{"line":54,"column":17},"end":{"line":54,"column":null}}]}},"s":{"0":10,"1":2,"2":50,"3":50,"4":10,"5":50,"6":50},"f":{"0":50,"1":10,"2":50},"b":{"0":[20,30],"1":[27,3],"2":[10],"3":[15,35],"4":[50]}}
,"/Users/dhruvgorasiya/Documents/Active/Northeastern University Academic Docs/Spring 2026/Vibe coding/Project 3/MockReady/frontend/components/session/EmptySessionState.tsx": {"path":"/Users/dhruvgorasiya/Documents/Active/Northeastern University Academic Docs/Spring 2026/Vibe coding/Project 3/MockReady/frontend/components/session/EmptySessionState.tsx","statementMap":{"0":{"start":{"line":3,"column":24},"end":{"line":3,"column":null}},"1":{"start":{"line":1,"column":17},"end":{"line":1,"column":null}}},"fnMap":{"0":{"name":"EmptySessionState","decl":{"start":{"line":3,"column":24},"end":{"line":3,"column":null}},"loc":{"start":{"line":3,"column":24},"end":{"line":22,"column":null}}}},"branchMap":{},"s":{"0":4,"1":2},"f":{"0":4},"b":{}}
,"/Users/dhruvgorasiya/Documents/Active/Northeastern University Academic Docs/Spring 2026/Vibe coding/Project 3/MockReady/frontend/components/session/SessionCard.tsx": {"path":"/Users/dhruvgorasiya/Documents/Active/Northeastern University Academic Docs/Spring 2026/Vibe coding/Project 3/MockReady/frontend/components/session/SessionCard.tsx","statementMap":{"0":{"start":{"line":21,"column":24},"end":{"line":21,"column":36}},"1":{"start":{"line":7,"column":53},"end":{"line":11,"column":null}},"2":{"start":{"line":13,"column":46},"end":{"line":19,"column":null}},"3":{"start":{"line":22,"column":15},"end":{"line":26,"column":null}},"4":{"start":{"line":29,"column":4},"end":{"line":29,"column":null}},"5":{"start":{"line":31,"column":4},"end":{"line":31,"column":74}}},"fnMap":{"0":{"name":"SessionCard","decl":{"start":{"line":21,"column":24},"end":{"line":21,"column":36}},"loc":{"start":{"line":21,"column":54},"end":{"line":60,"column":null}}}},"branchMap":{"0":{"loc":{"start":{"line":29,"column":4},"end":{"line":29,"column":null}},"type":"binary-expr","locations":[{"start":{"line":29,"column":4},"end":{"line":29,"column":33}},{"start":{"line":29,"column":37},"end":{"line":29,"column":null}}]},"1":{"loc":{"start":{"line":31,"column":4},"end":{"line":31,"column":74}},"type":"binary-expr","locations":[{"start":{"line":31,"column":4},"end":{"line":31,"column":48}},{"start":{"line":31,"column":52},"end":{"line":31,"column":74}}]},"2":{"loc":{"start":{"line":52,"column":12},"end":{"line":52,"column":35}},"type":"cond-expr","locations":[{"start":{"line":52,"column":12},"end":{"line":52,"column":35}}]}},"s":{"0":9,"1":2,"2":2,"3":9,"4":9,"5":9},"f":{"0":9},"b":{"0":[9,0],"1":[9,0],"2":[8]}}
,"/Users/dhruvgorasiya/Documents/Active/Northeastern University Academic Docs/Spring 2026/Vibe coding/Project 3/MockReady/frontend/components/session/SessionDetailClient.tsx": {"path":"/Users/dhruvgorasiya/Documents/Active/Northeastern University Academic Docs/Spring 2026/Vibe coding/Project 3/MockReady/frontend/components/session/SessionDetailClient.tsx","statementMap":{"0":{"start":{"line":18,"column":24},"end":{"line":18,"column":44}},"1":{"start":{"line":3,"column":36},"end":{"line":3,"column":null}},"2":{"start":{"line":4,"column":33},"end":{"line":4,"column":null}},"3":{"start":{"line":5,"column":24},"end":{"line":5,"column":null}},"4":{"start":{"line":7,"column":31},"end":{"line":7,"column":null}},"5":{"start":{"line":19,"column":28},"end":{"line":19,"column":null}},"6":{"start":{"line":20,"column":42},"end":{"line":20,"column":null}},"7":{"start":{"line":21,"column":20},"end":{"line":21,"column":null}},"8":{"start":{"line":23,"column":2},"end":{"line":33,"column":null}},"9":{"start":{"line":24,"column":4},"end":{"line":24,"column":null}},"10":{"start":{"line":24,"column":16},"end":{"line":24,"column":null}},"11":{"start":{"line":25,"column":4},"end":{"line":32,"column":null}},"12":{"start":{"line":26,"column":24},"end":{"line":26,"column":null}},"13":{"start":{"line":28,"column":8},"end":{"line":31,"column":null}},"14":{"start":{"line":35,"column":2},"end":{"line":41,"column":null}},"15":{"start":{"line":43,"column":2},"end":{"line":50,"column":null}},"16":{"start":{"line":52,"column":21},"end":{"line":52,"column":null}},"17":{"start":{"line":53,"column":17},"end":{"line":54,"column":null}},"18":{"start":{"line":54,"column":14},"end":{"line":54,"column":43}},"19":{"start":{"line":56,"column":16},"end":{"line":56,"column":29}},"20":{"start":{"line":57,"column":47},"end":{"line":57,"column":67}},"21":{"start":{"line":59,"column":2},"end":{"line":63,"column":null}},"22":{"start":{"line":113,"column":25},"end":{"line":113,"column":null}},"23":{"start":{"line":113,"column":48},"end":{"line":113,"column":null}},"24":{"start":{"line":126,"column":25},"end":{"line":126,"column":null}},"25":{"start":{"line":126,"column":48},"end":{"line":126,"column":null}}},"fnMap":{"0":{"name":"SessionDetailClient","decl":{"start":{"line":18,"column":24},"end":{"line":18,"column":44}},"loc":{"start":{"line":18,"column":64},"end":{"line":135,"column":null}}},"1":{"name":"(anonymous_3)","decl":{"start":{"line":23,"column":12},"end":{"line":23,"column":null}},"loc":{"start":{"line":23,"column":12},"end":{"line":33,"column":5}}},"2":{"name":"(anonymous_4)","decl":{"start":{"line":26,"column":12},"end":{"line":26,"column":13}},"loc":{"start":{"line":26,"column":24},"end":{"line":26,"column":null}}},"3":{"name":"(anonymous_5)","decl":{"start":{"line":27,"column":13},"end":{"line":27,"column":14}},"loc":{"start":{"line":27,"column":14},"end":{"line":32,"column":null}}},"4":{"name":"(anonymous_6)","decl":{"start":{"line":54,"column":4},"end":{"line":54,"column":5}},"loc":{"start":{"line":54,"column":14},"end":{"line":54,"column":43}}},"5":{"name":"(anonymous_7)","decl":{"start":{"line":113,"column":19},"end":{"line":113,"column":25}},"loc":{"start":{"line":113,"column":25},"end":{"line":113,"column":null}}},"6":{"name":"(anonymous_8)","decl":{"start":{"line":113,"column":41},"end":{"line":113,"column":42}},"loc":{"start":{"line":113,"column":48},"end":{"line":113,"column":null}}},"7":{"name":"(anonymous_9)","decl":{"start":{"line":126,"column":19},"end":{"line":126,"column":25}},"loc":{"start":{"line":126,"column":25},"end":{"line":126,"column":null}}},"8":{"name":"(anonymous_10)","decl":{"start":{"line":126,"column":41},"end":{"line":126,"column":42}},"loc":{"start":{"line":126,"column":48},"end":{"line":126,"column":null}}}},"branchMap":{"0":{"loc":{"start":{"line":24,"column":4},"end":{"line":24,"column":null}},"type":"if","locations":[{"start":{"line":24,"column":4},"end":{"line":24,"column":null}}]},"1":{"loc":{"start":{"line":30,"column":19},"end":{"line":30,"column":null}},"type":"cond-expr","locations":[{"start":{"line":30,"column":42},"end":{"line":30,"column":53}},{"start":{"line":30,"column":56},"end":{"line":30,"column":null}}]},"2":{"loc":{"start":{"line":35,"column":2},"end":{"line":41,"column":null}},"type":"if","locations":[{"start":{"line":35,"column":2},"end":{"line":41,"column":null}}]},"3":{"loc":{"start":{"line":43,"column":2},"end":{"line":50,"column":null}},"type":"if","locations":[{"start":{"line":43,"column":2},"end":{"line":50,"column":null}}]},"4":{"loc":{"start":{"line":59,"column":2},"end":{"line":63,"column":null}},"type":"if","locations":[{"start":{"line":59,"column":2},"end":{"line":63,"column":null}}]},"5":{"loc":{"start":{"line":91,"column":7},"end":{"line":91,"column":32}},"type":"binary-expr","locations":[{"start":{"line":91,"column":7},"end":{"line":91,"column":32}}]},"6":{"loc":{"start":{"line":103,"column":7},"end":{"line":103,"column":25}},"type":"binary-expr","locations":[{"start":{"line":103,"column":7},"end":{"line":103,"column":25}}]}},"s":{"0":6,"1":1,"2":1,"3":1,"4":1,"5":12,"6":12,"7":12,"8":12,"9":6,"10":0,"11":6,"12":4,"13":1,"14":12,"15":6,"16":5,"17":5,"18":5,"19":5,"20":5,"21":5,"22":0,"23":0,"24":1,"25":1},"f":{"0":12,"1":6,"2":4,"3":1,"4":5,"5":0,"6":0,"7":1,"8":1},"b":{"0":[0],"1":[1,0],"2":[6],"3":[1],"4":[0],"5":[5],"6":[5]}}
,"/Users/dhruvgorasiya/Documents/Active/Northeastern University Academic Docs/Spring 2026/Vibe coding/Project 3/MockReady/frontend/components/session/TrendChart.tsx": {"path":"/Users/dhruvgorasiya/Documents/Active/Northeastern University Academic Docs/Spring 2026/Vibe coding/Project 3/MockReady/frontend/components/session/TrendChart.tsx","statementMap":{"0":{"start":{"line":18,"column":24},"end":{"line":18,"column":35}},"1":{"start":{"line":11,"column":7},"end":{"line":11,"column":null}},"2":{"start":{"line":19,"column":2},"end":{"line":27,"column":null}},"3":{"start":{"line":29,"column":15},"end":{"line":40,"column":null}},"4":{"start":{"line":29,"column":34},"end":{"line":40,"column":null}},"5":{"start":{"line":42,"column":21},"end":{"line":48,"column":null}},"6":{"start":{"line":68,"column":10},"end":{"line":69,"column":null}},"7":{"start":{"line":91,"column":49},"end":{"line":91,"column":null}},"8":{"start":{"line":101,"column":12},"end":{"line":102,"column":null}}},"fnMap":{"0":{"name":"TrendChart","decl":{"start":{"line":18,"column":24},"end":{"line":18,"column":35}},"loc":{"start":{"line":18,"column":52},"end":{"line":115,"column":null}}},"1":{"name":"(anonymous_2)","decl":{"start":{"line":29,"column":26},"end":{"line":29,"column":27}},"loc":{"start":{"line":29,"column":34},"end":{"line":40,"column":null}}},"2":{"name":"(anonymous_3)","decl":{"start":{"line":67,"column":24},"end":{"line":67,"column":25}},"loc":{"start":{"line":68,"column":10},"end":{"line":69,"column":null}}},"3":{"name":"(anonymous_4)","decl":{"start":{"line":91,"column":30},"end":{"line":91,"column":31}},"loc":{"start":{"line":91,"column":49},"end":{"line":91,"column":null}}},"4":{"name":"(anonymous_5)","decl":{"start":{"line":100,"column":26},"end":{"line":100,"column":27}},"loc":{"start":{"line":101,"column":12},"end":{"line":102,"column":null}}}},"branchMap":{"0":{"loc":{"start":{"line":19,"column":2},"end":{"line":27,"column":null}},"type":"if","locations":[{"start":{"line":19,"column":2},"end":{"line":27,"column":null}}]}},"s":{"0":6,"1":2,"2":6,"3":4,"4":13,"5":4,"6":20,"7":0,"8":20},"f":{"0":6,"1":13,"2":20,"3":0,"4":20},"b":{"0":[2]}}
,"/Users/dhruvgorasiya/Documents/Active/Northeastern University Academic Docs/Spring 2026/Vibe coding/Project 3/MockReady/frontend/lib/auth/AuthContext.tsx": {"path":"/Users/dhruvgorasiya/Documents/Active/Northeastern University Academic Docs/Spring 2026/Vibe coding/Project 3/MockReady/frontend/lib/auth/AuthContext.tsx","statementMap":{"0":{"start":{"line":19,"column":16},"end":{"line":19,"column":28}},"1":{"start":{"line":63,"column":16},"end":{"line":63,"column":23}},"2":{"start":{"line":3,"column":63},"end":{"line":3,"column":null}},"3":{"start":{"line":4,"column":59},"end":{"line":4,"column":null}},"4":{"start":{"line":6,"column":18},"end":{"line":6,"column":null}},"5":{"start":{"line":17,"column":20},"end":{"line":17,"column":null}},"6":{"start":{"line":20,"column":28},"end":{"line":20,"column":null}},"7":{"start":{"line":21,"column":36},"end":{"line":21,"column":null}},"8":{"start":{"line":24,"column":2},"end":{"line":28,"column":null}},"9":{"start":{"line":25,"column":19},"end":{"line":25,"column":null}},"10":{"start":{"line":26,"column":4},"end":{"line":26,"column":null}},"11":{"start":{"line":26,"column":16},"end":{"line":26,"column":null}},"12":{"start":{"line":27,"column":4},"end":{"line":27,"column":null}},"13":{"start":{"line":31,"column":29},"end":{"line":31,"column":null}},"14":{"start":{"line":32,"column":4},"end":{"line":32,"column":null}},"15":{"start":{"line":33,"column":4},"end":{"line":33,"column":null}},"16":{"start":{"line":37,"column":4},"end":{"line":37,"column":null}},"17":{"start":{"line":39,"column":4},"end":{"line":39,"column":null}},"18":{"start":{"line":43,"column":4},"end":{"line":43,"column":null}},"19":{"start":{"line":44,"column":4},"end":{"line":44,"column":null}},"20":{"start":{"line":64,"column":14},"end":{"line":64,"column":null}},"21":{"start":{"line":65,"column":2},"end":{"line":65,"column":null}},"22":{"start":{"line":65,"column":12},"end":{"line":65,"column":null}},"23":{"start":{"line":66,"column":2},"end":{"line":66,"column":null}}},"fnMap":{"0":{"name":"AuthProvider","decl":{"start":{"line":19,"column":16},"end":{"line":19,"column":28}},"loc":{"start":{"line":19,"column":72},"end":{"line":61,"column":null}}},"1":{"name":"(anonymous_4)","decl":{"start":{"line":24,"column":12},"end":{"line":24,"column":null}},"loc":{"start":{"line":24,"column":12},"end":{"line":28,"column":5}}},"2":{"name":"login","decl":{"start":{"line":30,"column":17},"end":{"line":30,"column":23}},"loc":{"start":{"line":30,"column":54},"end":{"line":34,"column":null}}},"3":{"name":"register","decl":{"start":{"line":36,"column":17},"end":{"line":36,"column":26}},"loc":{"start":{"line":36,"column":57},"end":{"line":40,"column":null}}},"4":{"name":"logout","decl":{"start":{"line":42,"column":11},"end":{"line":42,"column":null}},"loc":{"start":{"line":42,"column":11},"end":{"line":45,"column":null}}},"5":{"name":"useAuth","decl":{"start":{"line":63,"column":16},"end":{"line":63,"column":23}},"loc":{"start":{"line":63,"column":16},"end":{"line":67,"column":null}}}},"branchMap":{"0":{"loc":{"start":{"line":26,"column":4},"end":{"line":26,"column":null}},"type":"if","locations":[{"start":{"line":26,"column":4},"end":{"line":26,"column":null}}]},"1":{"loc":{"start":{"line":65,"column":2},"end":{"line":65,"column":null}},"type":"if","locations":[{"start":{"line":65,"column":2},"end":{"line":65,"column":null}}]}},"s":{"0":1,"1":13,"2":1,"3":1,"4":1,"5":1,"6":13,"7":13,"8":13,"9":5,"10":5,"11":2,"12":5,"13":2,"14":2,"15":2,"16":1,"17":1,"18":1,"19":1,"20":13,"21":13,"22":0,"23":13},"f":{"0":13,"1":5,"2":2,"3":1,"4":1,"5":13},"b":{"0":[2],"1":[0]}}
}
