{"/Users/dhruvgorasiya/Documents/Active/Northeastern University Academic Docs/Spring 2026/Vibe coding/HW4/MockReady/frontend/app/layout.tsx": {"path":"/Users/dhruvgorasiya/Documents/Active/Northeastern University Academic Docs/Spring 2026/Vibe coding/HW4/MockReady/frontend/app/layout.tsx","statementMap":{"0":{"start":{"line":9,"column":24},"end":{"line":9,"column":35}},"1":{"start":{"line":4,"column":13},"end":{"line":4,"column":21}},"2":{"start":{"line":2,"column":7},"end":{"line":2,"column":null}},"3":{"start":{"line":4,"column":34},"end":{"line":7,"column":null}}},"fnMap":{"0":{"name":"RootLayout","decl":{"start":{"line":9,"column":24},"end":{"line":9,"column":35}},"loc":{"start":{"line":13,"column":1},"end":{"line":19,"column":1}}}},"branchMap":{},"s":{"0":0,"1":0,"2":0,"3":0},"f":{"0":0},"b":{}}
,"/Users/dhruvgorasiya/Documents/Active/Northeastern University Academic Docs/Spring 2026/Vibe coding/HW4/MockReady/frontend/app/(candidate)/dashboard/error.tsx": {"path":"/Users/dhruvgorasiya/Documents/Active/Northeastern University Academic Docs/Spring 2026/Vibe coding/HW4/MockReady/frontend/app/(candidate)/dashboard/error.tsx","statementMap":{"0":{"start":{"line":3,"column":24},"end":{"line":3,"column":39}}},"fnMap":{"0":{"name":"DashboardError","decl":{"start":{"line":3,"column":24},"end":{"line":3,"column":39}},"loc":{"start":{"line":9,"column":1},"end":{"line":24,"column":null}}}},"branchMap":{},"s":{"0":0},"f":{"0":0},"b":{}}
,"/Users/dhruvgorasiya/Documents/Active/Northeastern University Academic Docs/Spring 2026/Vibe coding/HW4/MockReady/frontend/app/(candidate)/dashboard/loading.tsx": {"path":"/Users/dhruvgorasiya/Documents/Active/Northeastern University Academic Docs/Spring 2026/Vibe coding/HW4/MockReady/frontend/app/(candidate)/dashboard/loading.tsx","statementMap":{"0":{"start":{"line":1,"column":24},"end":{"line":1,"column":null}},"1":{"start":{"line":8,"column":10},"end":{"line":8,"column":23}}},"fnMap":{"0":{"name":"DashboardLoading","decl":{"start":{"line":1,"column":24},"end":{"line":1,"column":null}},"loc":{"start":{"line":1,"column":24},"end":{"line":13,"column":null}}},"1":{"name":"(anonymous_2)","decl":{"start":{"line":7,"column":23},"end":{"line":7,"column":24}},"loc":{"start":{"line":8,"column":10},"end":{"line":8,"column":23}}}},"branchMap":{},"s":{"0":0,"1":0},"f":{"0":0,"1":0},"b":{}}
,"/Users/dhruvgorasiya/Documents/Active/Northeastern University Academic Docs/Spring 2026/Vibe coding/HW4/MockReady/frontend/app/(candidate)/dashboard/page.tsx": {"path":"/Users/dhruvgorasiya/Documents/Active/Northeastern University Academic Docs/Spring 2026/Vibe coding/HW4/MockReady/frontend/app/(candidate)/dashboard/page.tsx","statementMap":{"0":{"start":{"line":5,"column":24},"end":{"line":5,"column":null}},"1":{"start":{"line":3,"column":13},"end":{"line":3,"column":21}},"2":{"start":{"line":1,"column":28},"end":{"line":1,"column":null}},"3":{"start":{"line":3,"column":24},"end":{"line":3,"column":null}}},"fnMap":{"0":{"name":"DashboardPage","decl":{"start":{"line":5,"column":24},"end":{"line":5,"column":null}},"loc":{"start":{"line":5,"column":24},"end":{"line":14,"column":1}}}},"branchMap":{},"s":{"0":0,"1":0,"2":0,"3":0},"f":{"0":0},"b":{}}
,"/Users/dhruvgorasiya/Documents/Active/Northeastern University Academic Docs/Spring 2026/Vibe coding/HW4/MockReady/frontend/app/(candidate)/sessions/[id]/loading.tsx": {"path":"/Users/dhruvgorasiya/Documents/Active/Northeastern University Academic Docs/Spring 2026/Vibe coding/HW4/MockReady/frontend/app/(candidate)/sessions/[id]/loading.tsx","statementMap":{"0":{"start":{"line":1,"column":24},"end":{"line":1,"column":null}}},"fnMap":{"0":{"name":"SessionDetailLoading","decl":{"start":{"line":1,"column":24},"end":{"line":1,"column":null}},"loc":{"start":{"line":1,"column":24},"end":{"line":12,"column":null}}}},"branchMap":{},"s":{"0":0},"f":{"0":0},"b":{}}
,"/Users/dhruvgorasiya/Documents/Active/Northeastern University Academic Docs/Spring 2026/Vibe coding/HW4/MockReady/frontend/app/(candidate)/sessions/[id]/page.tsx": {"path":"/Users/dhruvgorasiya/Documents/Active/Northeastern University Academic Docs/Spring 2026/Vibe coding/HW4/MockReady/frontend/app/(candidate)/sessions/[id]/page.tsx","statementMap":{"0":{"start":{"line":3,"column":24},"end":{"line":3,"column":42}},"1":{"start":{"line":1,"column":32},"end":{"line":1,"column":null}}},"fnMap":{"0":{"name":"SessionDetailPage","decl":{"start":{"line":3,"column":24},"end":{"line":3,"column":42}},"loc":{"start":{"line":7,"column":1},"end":{"line":13,"column":null}}}},"branchMap":{},"s":{"0":0,"1":0},"f":{"0":0},"b":{}}
,"/Users/dhruvgorasiya/Documents/Active/Northeastern University Academic Docs/Spring 2026/Vibe coding/HW4/MockReady/frontend/components/session/DashboardClient.tsx": {"path":"/Users/dhruvgorasiya/Documents/Active/Northeastern University Academic Docs/Spring 2026/Vibe coding/HW4/MockReady/frontend/components/session/DashboardClient.tsx","statementMap":{"0":{"start":{"line":15,"column":24},"end":{"line":15,"column":null}},"1":{"start":{"line":3,"column":36},"end":{"line":3,"column":null}},"2":{"start":{"line":4,"column":50},"end":{"line":4,"column":null}},"3":{"start":{"line":6,"column":30},"end":{"line":6,"column":null}},"4":{"start":{"line":7,"column":24},"end":{"line":7,"column":null}},"5":{"start":{"line":8,"column":23},"end":{"line":8,"column":null}},"6":{"start":{"line":16,"column":28},"end":{"line":16,"column":null}},"7":{"start":{"line":18,"column":2},"end":{"line":32,"column":null}},"8":{"start":{"line":21,"column":18},"end":{"line":21,"column":null}},"9":{"start":{"line":23,"column":4},"end":{"line":31,"column":null}},"10":{"start":{"line":25,"column":8},"end":{"line":25,"column":null}},"11":{"start":{"line":29,"column":10},"end":{"line":29,"column":null}},"12":{"start":{"line":30,"column":8},"end":{"line":30,"column":null}},"13":{"start":{"line":34,"column":2},"end":{"line":40,"column":null}},"14":{"start":{"line":42,"column":2},"end":{"line":49,"column":null}},"15":{"start":{"line":51,"column":30},"end":{"line":51,"column":null}},"16":{"start":{"line":53,"column":2},"end":{"line":55,"column":null}},"17":{"start":{"line":54,"column":4},"end":{"line":54,"column":null}},"18":{"start":{"line":73,"column":12},"end":{"line":73,"column":32}}},"fnMap":{"0":{"name":"DashboardClient","decl":{"start":{"line":15,"column":24},"end":{"line":15,"column":null}},"loc":{"start":{"line":15,"column":24},"end":{"line":81,"column":null}}},"1":{"name":"(anonymous_3)","decl":{"start":{"line":18,"column":12},"end":{"line":18,"column":null}},"loc":{"start":{"line":18,"column":12},"end":{"line":32,"column":5}}},"2":{"name":"(anonymous_4)","decl":{"start":{"line":24,"column":12},"end":{"line":24,"column":13}},"loc":{"start":{"line":24,"column":30},"end":{"line":26,"column":null}}},"3":{"name":"(anonymous_5)","decl":{"start":{"line":27,"column":13},"end":{"line":27,"column":14}},"loc":{"start":{"line":27,"column":14},"end":{"line":31,"column":null}}},"4":{"name":"(anonymous_6)","decl":{"start":{"line":72,"column":32},"end":{"line":72,"column":33}},"loc":{"start":{"line":73,"column":12},"end":{"line":73,"column":32}}}},"branchMap":{"0":{"loc":{"start":{"line":21,"column":18},"end":{"line":21,"column":null}},"type":"binary-expr","locations":[{"start":{"line":21,"column":18},"end":{"line":21,"column":51}},{"start":{"line":21,"column":55},"end":{"line":21,"column":null}}]},"1":{"loc":{"start":{"line":29,"column":10},"end":{"line":29,"column":null}},"type":"cond-expr","locations":[{"start":{"line":29,"column":33},"end":{"line":29,"column":44}},{"start":{"line":29,"column":47},"end":{"line":29,"column":null}}]},"2":{"loc":{"start":{"line":34,"column":2},"end":{"line":40,"column":null}},"type":"if","locations":[{"start":{"line":34,"column":2},"end":{"line":40,"column":null}}]},"3":{"loc":{"start":{"line":42,"column":2},"end":{"line":49,"column":null}},"type":"if","locations":[{"start":{"line":42,"column":2},"end":{"line":49,"column":null}}]},"4":{"loc":{"start":{"line":53,"column":2},"end":{"line":55,"column":null}},"type":"if","locations":[{"start":{"line":53,"column":2},"end":{"line":55,"column":null}}]}},"s":{"0":5,"1":1,"2":1,"3":1,"4":1,"5":1,"6":9,"7":9,"8":5,"9":5,"10":3,"11":1,"12":1,"13":9,"14":4,"15":3,"16":3,"17":1,"18":3},"f":{"0":9,"1":5,"2":3,"3":1,"4":3},"b":{"0":[5,5],"1":[1,0],"2":[5],"3":[1],"4":[1]}}
,"/Users/dhruvgorasiya/Documents/Active/Northeastern University Academic Docs/Spring 2026/Vibe coding/HW4/MockReady/frontend/components/session/DimensionBreakdown.tsx": {"path":"/Users/dhruvgorasiya/Documents/Active/Northeastern University Academic Docs/Spring 2026/Vibe coding/HW4/MockReady/frontend/components/session/DimensionBreakdown.tsx","statementMap":{"0":{"start":{"line":32,"column":24},"end":{"line":32,"column":43}},"1":{"start":{"line":8,"column":68},"end":{"line":14,"column":null}},"2":{"start":{"line":17,"column":14},"end":{"line":17,"column":null}},"3":{"start":{"line":19,"column":4},"end":{"line":19,"column":null}},"4":{"start":{"line":33,"column":19},"end":{"line":33,"column":null}},"5":{"start":{"line":46,"column":32},"end":{"line":46,"column":76}},"6":{"start":{"line":47,"column":10},"end":{"line":48,"column":27}}},"fnMap":{"0":{"name":"ScoreBar","decl":{"start":{"line":16,"column":9},"end":{"line":16,"column":18}},"loc":{"start":{"line":16,"column":46},"end":{"line":30,"column":null}}},"1":{"name":"DimensionBreakdown","decl":{"start":{"line":32,"column":24},"end":{"line":32,"column":43}},"loc":{"start":{"line":32,"column":75},"end":{"line":64,"column":null}}},"2":{"name":"(anonymous_3)","decl":{"start":{"line":45,"column":24},"end":{"line":45,"column":25}},"loc":{"start":{"line":45,"column":39},"end":{"line":60,"column":null}}}},"branchMap":{"0":{"loc":{"start":{"line":19,"column":4},"end":{"line":19,"column":null}},"type":"cond-expr","locations":[{"start":{"line":19,"column":17},"end":{"line":19,"column":34}},{"start":{"line":19,"column":34},"end":{"line":19,"column":null}}]},"1":{"loc":{"start":{"line":19,"column":34},"end":{"line":19,"column":null}},"type":"cond-expr","locations":[{"start":{"line":19,"column":47},"end":{"line":19,"column":65}},{"start":{"line":19,"column":65},"end":{"line":19,"column":null}}]},"2":{"loc":{"start":{"line":37,"column":7},"end":{"line":37,"column":null}},"type":"binary-expr","locations":[{"start":{"line":37,"column":7},"end":{"line":37,"column":null}}]},"3":{"loc":{"start":{"line":46,"column":32},"end":{"line":46,"column":76}},"type":"cond-expr","locations":[{"start":{"line":46,"column":43},"end":{"line":46,"column":60}},{"start":{"line":46,"column":63},"end":{"line":46,"column":76}}]},"4":{"loc":{"start":{"line":51,"column":17},"end":{"line":51,"column":null}},"type":"binary-expr","locations":[{"start":{"line":51,"column":17},"end":{"line":51,"column":null}}]}},"s":{"0":10,"1":2,"2":50,"3":50,"4":10,"5":50,"6":50},"f":{"0":50,"1":10,"2":50},"b":{"0":[20,30],"1":[27,3],"2":[10],"3":[15,35],"4":[50]}}
,"/Users/dhruvgorasiya/Documents/Active/Northeastern University Academic Docs/Spring 2026/Vibe coding/HW4/MockReady/frontend/components/session/EmptySessionState.tsx": {"path":"/Users/dhruvgorasiya/Documents/Active/Northeastern University Academic Docs/Spring 2026/Vibe coding/HW4/MockReady/frontend/components/session/EmptySessionState.tsx","statementMap":{"0":{"start":{"line":3,"column":24},"end":{"line":3,"column":null}},"1":{"start":{"line":1,"column":17},"end":{"line":1,"column":null}}},"fnMap":{"0":{"name":"EmptySessionState","decl":{"start":{"line":3,"column":24},"end":{"line":3,"column":null}},"loc":{"start":{"line":3,"column":24},"end":{"line":20,"column":null}}}},"branchMap":{},"s":{"0":4,"1":2},"f":{"0":4},"b":{}}
,"/Users/dhruvgorasiya/Documents/Active/Northeastern University Academic Docs/Spring 2026/Vibe coding/HW4/MockReady/frontend/components/session/SessionCard.tsx": {"path":"/Users/dhruvgorasiya/Documents/Active/Northeastern University Academic Docs/Spring 2026/Vibe coding/HW4/MockReady/frontend/components/session/SessionCard.tsx","statementMap":{"0":{"start":{"line":21,"column":24},"end":{"line":21,"column":36}},"1":{"start":{"line":7,"column":53},"end":{"line":11,"column":null}},"2":{"start":{"line":13,"column":46},"end":{"line":19,"column":null}},"3":{"start":{"line":22,"column":15},"end":{"line":26,"column":null}},"4":{"start":{"line":28,"column":22},"end":{"line":28,"column":null}},"5":{"start":{"line":29,"column":20},"end":{"line":29,"column":90}}},"fnMap":{"0":{"name":"SessionCard","decl":{"start":{"line":21,"column":24},"end":{"line":21,"column":36}},"loc":{"start":{"line":21,"column":54},"end":{"line":56,"column":null}}}},"branchMap":{"0":{"loc":{"start":{"line":28,"column":22},"end":{"line":28,"column":null}},"type":"binary-expr","locations":[{"start":{"line":28,"column":22},"end":{"line":28,"column":51}},{"start":{"line":28,"column":55},"end":{"line":28,"column":null}}]},"1":{"loc":{"start":{"line":29,"column":20},"end":{"line":29,"column":90}},"type":"binary-expr","locations":[{"start":{"line":29,"column":20},"end":{"line":29,"column":64}},{"start":{"line":29,"column":68},"end":{"line":29,"column":90}}]},"2":{"loc":{"start":{"line":49,"column":46},"end":{"line":49,"column":69}},"type":"cond-expr","locations":[{"start":{"line":49,"column":46},"end":{"line":49,"column":69}}]}},"s":{"0":9,"1":2,"2":2,"3":9,"4":9,"5":9},"f":{"0":9},"b":{"0":[9,0],"1":[9,0],"2":[8]}}
,"/Users/dhruvgorasiya/Documents/Active/Northeastern University Academic Docs/Spring 2026/Vibe coding/HW4/MockReady/frontend/components/session/SessionDetailClient.tsx": {"path":"/Users/dhruvgorasiya/Documents/Active/Northeastern University Academic Docs/Spring 2026/Vibe coding/HW4/MockReady/frontend/components/session/SessionDetailClient.tsx","statementMap":{"0":{"start":{"line":17,"column":24},"end":{"line":17,"column":44}},"1":{"start":{"line":3,"column":36},"end":{"line":3,"column":null}},"2":{"start":{"line":4,"column":33},"end":{"line":4,"column":null}},"3":{"start":{"line":6,"column":31},"end":{"line":6,"column":null}},"4":{"start":{"line":18,"column":28},"end":{"line":18,"column":null}},"5":{"start":{"line":19,"column":42},"end":{"line":19,"column":null}},"6":{"start":{"line":21,"column":2},"end":{"line":31,"column":null}},"7":{"start":{"line":22,"column":18},"end":{"line":22,"column":null}},"8":{"start":{"line":23,"column":4},"end":{"line":30,"column":null}},"9":{"start":{"line":24,"column":24},"end":{"line":24,"column":null}},"10":{"start":{"line":26,"column":8},"end":{"line":29,"column":null}},"11":{"start":{"line":33,"column":2},"end":{"line":39,"column":null}},"12":{"start":{"line":41,"column":2},"end":{"line":48,"column":null}},"13":{"start":{"line":50,"column":21},"end":{"line":50,"column":null}},"14":{"start":{"line":51,"column":17},"end":{"line":51,"column":null}},"15":{"start":{"line":51,"column":54},"end":{"line":51,"column":83}},"16":{"start":{"line":52,"column":16},"end":{"line":52,"column":29}},"17":{"start":{"line":53,"column":47},"end":{"line":53,"column":67}},"18":{"start":{"line":55,"column":2},"end":{"line":57,"column":null}},"19":{"start":{"line":103,"column":25},"end":{"line":103,"column":null}},"20":{"start":{"line":103,"column":48},"end":{"line":103,"column":null}},"21":{"start":{"line":116,"column":25},"end":{"line":116,"column":null}},"22":{"start":{"line":116,"column":48},"end":{"line":116,"column":null}}},"fnMap":{"0":{"name":"SessionDetailClient","decl":{"start":{"line":17,"column":24},"end":{"line":17,"column":44}},"loc":{"start":{"line":17,"column":64},"end":{"line":125,"column":null}}},"1":{"name":"(anonymous_3)","decl":{"start":{"line":21,"column":12},"end":{"line":21,"column":null}},"loc":{"start":{"line":21,"column":12},"end":{"line":31,"column":5}}},"2":{"name":"(anonymous_4)","decl":{"start":{"line":24,"column":12},"end":{"line":24,"column":13}},"loc":{"start":{"line":24,"column":24},"end":{"line":24,"column":null}}},"3":{"name":"(anonymous_5)","decl":{"start":{"line":25,"column":13},"end":{"line":25,"column":14}},"loc":{"start":{"line":25,"column":14},"end":{"line":30,"column":null}}},"4":{"name":"(anonymous_6)","decl":{"start":{"line":51,"column":44},"end":{"line":51,"column":45}},"loc":{"start":{"line":51,"column":54},"end":{"line":51,"column":83}}},"5":{"name":"(anonymous_7)","decl":{"start":{"line":103,"column":19},"end":{"line":103,"column":25}},"loc":{"start":{"line":103,"column":25},"end":{"line":103,"column":null}}},"6":{"name":"(anonymous_8)","decl":{"start":{"line":103,"column":41},"end":{"line":103,"column":42}},"loc":{"start":{"line":103,"column":48},"end":{"line":103,"column":null}}},"7":{"name":"(anonymous_9)","decl":{"start":{"line":116,"column":19},"end":{"line":116,"column":25}},"loc":{"start":{"line":116,"column":25},"end":{"line":116,"column":null}}},"8":{"name":"(anonymous_10)","decl":{"start":{"line":116,"column":41},"end":{"line":116,"column":42}},"loc":{"start":{"line":116,"column":48},"end":{"line":116,"column":null}}}},"branchMap":{"0":{"loc":{"start":{"line":22,"column":18},"end":{"line":22,"column":null}},"type":"binary-expr","locations":[{"start":{"line":22,"column":18},"end":{"line":22,"column":51}},{"start":{"line":22,"column":55},"end":{"line":22,"column":null}}]},"1":{"loc":{"start":{"line":28,"column":19},"end":{"line":28,"column":null}},"type":"cond-expr","locations":[{"start":{"line":28,"column":42},"end":{"line":28,"column":53}},{"start":{"line":28,"column":56},"end":{"line":28,"column":null}}]},"2":{"loc":{"start":{"line":33,"column":2},"end":{"line":39,"column":null}},"type":"if","locations":[{"start":{"line":33,"column":2},"end":{"line":39,"column":null}}]},"3":{"loc":{"start":{"line":41,"column":2},"end":{"line":48,"column":null}},"type":"if","locations":[{"start":{"line":41,"column":2},"end":{"line":48,"column":null}}]},"4":{"loc":{"start":{"line":55,"column":2},"end":{"line":57,"column":null}},"type":"if","locations":[{"start":{"line":55,"column":2},"end":{"line":57,"column":null}}]},"5":{"loc":{"start":{"line":83,"column":7},"end":{"line":83,"column":32}},"type":"binary-expr","locations":[{"start":{"line":83,"column":7},"end":{"line":83,"column":32}}]},"6":{"loc":{"start":{"line":93,"column":7},"end":{"line":93,"column":25}},"type":"binary-expr","locations":[{"start":{"line":93,"column":7},"end":{"line":93,"column":25}}]}},"s":{"0":6,"1":1,"2":1,"3":1,"4":12,"5":12,"6":12,"7":6,"8":6,"9":4,"10":1,"11":12,"12":6,"13":5,"14":5,"15":5,"16":5,"17":5,"18":5,"19":0,"20":0,"21":1,"22":1},"f":{"0":12,"1":6,"2":4,"3":1,"4":5,"5":0,"6":0,"7":1,"8":1},"b":{"0":[6,6],"1":[1,0],"2":[6],"3":[1],"4":[0],"5":[5],"6":[5]}}
,"/Users/dhruvgorasiya/Documents/Active/Northeastern University Academic Docs/Spring 2026/Vibe coding/HW4/MockReady/frontend/components/session/TrendChart.tsx": {"path":"/Users/dhruvgorasiya/Documents/Active/Northeastern University Academic Docs/Spring 2026/Vibe coding/HW4/MockReady/frontend/components/session/TrendChart.tsx","statementMap":{"0":{"start":{"line":18,"column":24},"end":{"line":18,"column":35}},"1":{"start":{"line":11,"column":7},"end":{"line":11,"column":null}},"2":{"start":{"line":19,"column":2},"end":{"line":25,"column":null}},"3":{"start":{"line":27,"column":15},"end":{"line":33,"column":null}},"4":{"start":{"line":27,"column":34},"end":{"line":33,"column":null}},"5":{"start":{"line":45,"column":49},"end":{"line":45,"column":null}}},"fnMap":{"0":{"name":"TrendChart","decl":{"start":{"line":18,"column":24},"end":{"line":18,"column":35}},"loc":{"start":{"line":18,"column":52},"end":{"line":58,"column":null}}},"1":{"name":"(anonymous_2)","decl":{"start":{"line":27,"column":26},"end":{"line":27,"column":27}},"loc":{"start":{"line":27,"column":34},"end":{"line":33,"column":null}}},"2":{"name":"(anonymous_3)","decl":{"start":{"line":45,"column":30},"end":{"line":45,"column":31}},"loc":{"start":{"line":45,"column":49},"end":{"line":45,"column":null}}}},"branchMap":{"0":{"loc":{"start":{"line":19,"column":2},"end":{"line":25,"column":null}},"type":"if","locations":[{"start":{"line":19,"column":2},"end":{"line":25,"column":null}}]}},"s":{"0":5,"1":2,"2":5,"3":3,"4":12,"5":0},"f":{"0":5,"1":12,"2":0},"b":{"0":[2]}}
,"/Users/dhruvgorasiya/Documents/Active/Northeastern University Academic Docs/Spring 2026/Vibe coding/HW4/MockReady/frontend/lib/api/client.ts": {"path":"/Users/dhruvgorasiya/Documents/Active/Northeastern University Academic Docs/Spring 2026/Vibe coding/HW4/MockReady/frontend/lib/api/client.ts","statementMap":{"0":{"start":{"line":3,"column":13},"end":{"line":3,"column":21}},"1":{"start":{"line":19,"column":22},"end":{"line":19,"column":30}},"2":{"start":{"line":1,"column":17},"end":{"line":1,"column":null}},"3":{"start":{"line":8,"column":4},"end":{"line":8,"column":null}},"4":{"start":{"line":5,"column":20},"end":{"line":5,"column":34}},"5":{"start":{"line":9,"column":4},"end":{"line":9,"column":null}},"6":{"start":{"line":24,"column":42},"end":{"line":27,"column":null}},"7":{"start":{"line":29,"column":2},"end":{"line":31,"column":null}},"8":{"start":{"line":30,"column":4},"end":{"line":30,"column":null}},"9":{"start":{"line":33,"column":19},"end":{"line":36,"column":null}},"10":{"start":{"line":38,"column":2},"end":{"line":47,"column":null}},"11":{"start":{"line":39,"column":17},"end":{"line":39,"column":36}},"12":{"start":{"line":40,"column":4},"end":{"line":45,"column":null}},"13":{"start":{"line":41,"column":19},"end":{"line":41,"column":null}},"14":{"start":{"line":42,"column":6},"end":{"line":42,"column":null}},"15":{"start":{"line":46,"column":4},"end":{"line":46,"column":null}},"16":{"start":{"line":49,"column":2},"end":{"line":49,"column":null}}},"fnMap":{"0":{"name":"(anonymous_3)","decl":{"start":{"line":4,"column":2},"end":{"line":4,"column":null}},"loc":{"start":{"line":7,"column":4},"end":{"line":10,"column":null}}},"1":{"name":"apiFetch","decl":{"start":{"line":19,"column":22},"end":{"line":19,"column":30}},"loc":{"start":{"line":22,"column":16},"end":{"line":50,"column":null}}}},"branchMap":{"0":{"loc":{"start":{"line":1,"column":17},"end":{"line":1,"column":null}},"type":"binary-expr","locations":[{"start":{"line":1,"column":17},"end":{"line":1,"column":48}},{"start":{"line":1,"column":52},"end":{"line":1,"column":null}}]},"1":{"loc":{"start":{"line":21,"column":2},"end":{"line":21,"column":27}},"type":"default-arg","locations":[{"start":{"line":21,"column":25},"end":{"line":21,"column":27}}]},"2":{"loc":{"start":{"line":29,"column":2},"end":{"line":31,"column":null}},"type":"if","locations":[{"start":{"line":29,"column":2},"end":{"line":31,"column":null}}]},"3":{"loc":{"start":{"line":38,"column":2},"end":{"line":47,"column":null}},"type":"if","locations":[{"start":{"line":38,"column":2},"end":{"line":47,"column":null}}]},"4":{"loc":{"start":{"line":42,"column":15},"end":{"line":42,"column":null}},"type":"binary-expr","locations":[{"start":{"line":42,"column":15},"end":{"line":42,"column":31}},{"start":{"line":42,"column":31},"end":{"line":42,"column":null}}]}},"s":{"0":0,"1":0,"2":0,"3":0,"4":0,"5":0,"6":0,"7":0,"8":0,"9":0,"10":0,"11":0,"12":0,"13":0,"14":0,"15":0,"16":0},"f":{"0":0,"1":0},"b":{"0":[0,0],"1":[0],"2":[0],"3":[0],"4":[0,0]}}
,"/Users/dhruvgorasiya/Documents/Active/Northeastern University Academic Docs/Spring 2026/Vibe coding/HW4/MockReady/frontend/lib/api/sessions.ts": {"path":"/Users/dhruvgorasiya/Documents/Active/Northeastern University Academic Docs/Spring 2026/Vibe coding/HW4/MockReady/frontend/lib/api/sessions.ts","statementMap":{"0":{"start":{"line":23,"column":22},"end":{"line":23,"column":36}},"1":{"start":{"line":16,"column":22},"end":{"line":16,"column":38}},"2":{"start":{"line":10,"column":22},"end":{"line":10,"column":39}},"3":{"start":{"line":1,"column":25},"end":{"line":1,"column":null}},"4":{"start":{"line":8,"column":13},"end":{"line":8,"column":null}},"5":{"start":{"line":13,"column":2},"end":{"line":13,"column":null}},"6":{"start":{"line":20,"column":2},"end":{"line":20,"column":null}},"7":{"start":{"line":24,"column":2},"end":{"line":24,"column":null}}},"fnMap":{"0":{"name":"getSessionHistory","decl":{"start":{"line":10,"column":22},"end":{"line":10,"column":39}},"loc":{"start":{"line":11,"column":15},"end":{"line":14,"column":null}}},"1":{"name":"getSessionDetail","decl":{"start":{"line":16,"column":22},"end":{"line":16,"column":38}},"loc":{"start":{"line":18,"column":15},"end":{"line":21,"column":null}}},"2":{"name":"getScoreTrends","decl":{"start":{"line":23,"column":22},"end":{"line":23,"column":36}},"loc":{"start":{"line":23,"column":50},"end":{"line":25,"column":null}}}},"branchMap":{},"s":{"0":0,"1":0,"2":0,"3":0,"4":0,"5":0,"6":0,"7":0},"f":{"0":0,"1":0,"2":0},"b":{}}
}
