TN:
SF:app/layout.tsx
FN:9,RootLayout
FNF:1
FNH:0
FNDA:0,RootLayout
DA:2,0
DA:4,0
DA:9,0
LF:3
LH:0
BRF:0
BRH:0
end_of_record
TN:
SF:app/(candidate)/dashboard/error.tsx
FN:3,DashboardError
FNF:1
FNH:0
FNDA:0,DashboardError
DA:3,0
LF:1
LH:0
BRF:0
BRH:0
end_of_record
TN:
SF:app/(candidate)/dashboard/loading.tsx
FN:1,DashboardLoading
FN:7,(anonymous_2)
FNF:2
FNH:0
FNDA:0,DashboardLoading
FNDA:0,(anonymous_2)
DA:1,0
DA:8,0
LF:2
LH:0
BRF:0
BRH:0
end_of_record
TN:
SF:app/(candidate)/dashboard/page.tsx
FN:5,DashboardPage
FNF:1
FNH:0
FNDA:0,DashboardPage
DA:1,0
DA:3,0
DA:5,0
LF:3
LH:0
BRF:0
BRH:0
end_of_record
TN:
SF:app/(candidate)/sessions/[id]/loading.tsx
FN:1,SessionDetailLoading
FNF:1
FNH:0
FNDA:0,SessionDetailLoading
DA:1,0
LF:1
LH:0
BRF:0
BRH:0
end_of_record
TN:
SF:app/(candidate)/sessions/[id]/page.tsx
FN:3,SessionDetailPage
FNF:1
FNH:0
FNDA:0,SessionDetailPage
DA:1,0
DA:3,0
LF:2
LH:0
BRF:0
BRH:0
end_of_record
TN:
SF:components/session/DashboardClient.tsx
FN:15,DashboardClient
FN:18,(anonymous_3)
FN:24,(anonymous_4)
FN:27,(anonymous_5)
FN:72,(anonymous_6)
FNF:5
FNH:5
FNDA:9,DashboardClient
FNDA:5,(anonymous_3)
FNDA:3,(anonymous_4)
FNDA:1,(anonymous_5)
FNDA:3,(anonymous_6)
DA:3,1
DA:4,1
DA:6,1
DA:7,1
DA:8,1
DA:15,5
DA:16,9
DA:18,9
DA:21,5
DA:23,5
DA:25,3
DA:29,1
DA:30,1
DA:34,9
DA:42,4
DA:51,3
DA:53,3
DA:54,1
DA:73,3
LF:19
LH:19
BRDA:21,0,0,5
BRDA:21,0,1,5
BRDA:29,1,0,1
BRDA:29,1,1,0
BRDA:34,2,0,5
BRDA:42,3,0,1
BRDA:53,4,0,1
BRF:7
BRH:6
end_of_record
TN:
SF:components/session/DimensionBreakdown.tsx
FN:16,ScoreBar
FN:32,DimensionBreakdown
FN:45,(anonymous_3)
FNF:3
FNH:3
FNDA:50,ScoreBar
FNDA:10,DimensionBreakdown
FNDA:50,(anonymous_3)
DA:8,2
DA:17,50
DA:19,50
DA:32,10
DA:33,10
DA:46,50
DA:47,50
LF:7
LH:7
BRDA:19,0,0,20
BRDA:19,0,1,30
BRDA:19,1,0,27
BRDA:19,1,1,3
BRDA:37,2,0,10
BRDA:46,3,0,15
BRDA:46,3,1,35
BRDA:51,4,0,50
BRF:8
BRH:8
end_of_record
TN:
SF:components/session/EmptySessionState.tsx
FN:3,EmptySessionState
FNF:1
FNH:1
FNDA:4,EmptySessionState
DA:1,2
DA:3,4
LF:2
LH:2
BRF:0
BRH:0
end_of_record
TN:
SF:components/session/SessionCard.tsx
FN:21,SessionCard
FNF:1
FNH:1
FNDA:9,SessionCard
DA:7,2
DA:13,2
DA:21,9
DA:22,9
DA:28,9
DA:29,9
LF:6
LH:6
BRDA:28,0,0,9
BRDA:28,0,1,0
BRDA:29,1,0,9
BRDA:29,1,1,0
BRDA:49,2,0,8
BRF:5
BRH:3
end_of_record
TN:
SF:components/session/SessionDetailClient.tsx
FN:17,SessionDetailClient
FN:21,(anonymous_3)
FN:24,(anonymous_4)
FN:25,(anonymous_5)
FN:51,(anonymous_6)
FN:103,(anonymous_7)
FN:103,(anonymous_8)
FN:116,(anonymous_9)
FN:116,(anonymous_10)
FNF:9
FNH:7
FNDA:12,SessionDetailClient
FNDA:6,(anonymous_3)
FNDA:4,(anonymous_4)
FNDA:1,(anonymous_5)
FNDA:5,(anonymous_6)
FNDA:0,(anonymous_7)
FNDA:0,(anonymous_8)
FNDA:1,(anonymous_9)
FNDA:1,(anonymous_10)
DA:3,1
DA:4,1
DA:6,1
DA:17,6
DA:18,12
DA:19,12
DA:21,12
DA:22,6
DA:23,6
DA:24,4
DA:26,1
DA:33,12
DA:41,6
DA:50,5
DA:51,5
DA:52,5
DA:53,5
DA:55,5
DA:103,0
DA:116,1
LF:20
LH:19
BRDA:22,0,0,6
BRDA:22,0,1,6
BRDA:28,1,0,1
BRDA:28,1,1,0
BRDA:33,2,0,6
BRDA:41,3,0,1
BRDA:55,4,0,0
BRDA:83,5,0,5
BRDA:93,6,0,5
BRF:9
BRH:7
end_of_record
TN:
SF:components/session/TrendChart.tsx
FN:18,TrendChart
FN:27,(anonymous_2)
FN:45,(anonymous_3)
FNF:3
FNH:2
FNDA:5,TrendChart
FNDA:12,(anonymous_2)
FNDA:0,(anonymous_3)
DA:11,2
DA:18,5
DA:19,5
DA:27,12
DA:45,0
LF:5
LH:4
BRDA:19,0,0,2
BRF:1
BRH:1
end_of_record
TN:
SF:lib/api/client.ts
FN:4,(anonymous_3)
FN:19,apiFetch
FNF:2
FNH:0
FNDA:0,(anonymous_3)
FNDA:0,apiFetch
DA:1,0
DA:3,0
DA:5,0
DA:8,0
DA:9,0
DA:19,0
DA:24,0
DA:29,0
DA:30,0
DA:33,0
DA:38,0
DA:39,0
DA:40,0
DA:41,0
DA:42,0
DA:46,0
DA:49,0
LF:17
LH:0
BRDA:1,0,0,0
BRDA:1,0,1,0
BRDA:21,1,0,0
BRDA:29,2,0,0
BRDA:38,3,0,0
BRDA:42,4,0,0
BRDA:42,4,1,0
BRF:7
BRH:0
end_of_record
TN:
SF:lib/api/sessions.ts
FN:10,getSessionHistory
FN:16,getSessionDetail
FN:23,getScoreTrends
FNF:3
FNH:0
FNDA:0,getSessionHistory
FNDA:0,getSessionDetail
FNDA:0,getScoreTrends
DA:1,0
DA:8,0
DA:10,0
DA:13,0
DA:16,0
DA:20,0
DA:23,0
DA:24,0
LF:8
LH:0
BRF:0
BRH:0
end_of_record
