TN:
SF:app/login/page.tsx
FN:8,LoginPage
FN:16,handleSubmit
FN:45,(anonymous_4)
FN:59,(anonymous_5)
FNF:4
FNH:4
FNDA:53,LoginPage
FNDA:2,handleSubmit
FNDA:26,(anonymous_4)
FNDA:18,(anonymous_5)
DA:3,1
DA:4,1
DA:5,1
DA:6,1
DA:8,5
DA:9,53
DA:10,53
DA:11,53
DA:12,53
DA:13,53
DA:14,53
DA:17,2
DA:18,2
DA:19,2
DA:20,2
DA:21,2
DA:22,1
DA:24,1
DA:26,2
DA:45,26
DA:59,18
LF:21
LH:21
BRDA:24,0,0,1
BRDA:24,0,1,0
BRDA:64,1,0,53
BRDA:75,2,0,2
BRDA:75,2,1,51
BRF:5
BRH:4
end_of_record
TN:
SF:app/register/page.tsx
FN:8,RegisterPage
FN:17,handleSubmit
FN:52,(anonymous_4)
FN:66,(anonymous_5)
FN:80,(anonymous_6)
FNF:5
FNH:5
FNDA:105,RegisterPage
FNDA:3,handleSubmit
FNDA:39,(anonymous_4)
FNDA:27,(anonymous_5)
FNDA:28,(anonymous_6)
DA:3,1
DA:4,1
DA:5,1
DA:6,1
DA:8,6
DA:9,105
DA:10,105
DA:11,105
DA:12,105
DA:13,105
DA:14,105
DA:15,105
DA:18,3
DA:19,3
DA:21,3
DA:22,1
DA:23,1
DA:26,2
DA:27,2
DA:28,2
DA:29,1
DA:31,1
DA:33,2
DA:52,39
DA:66,27
DA:80,28
LF:26
LH:26
BRDA:21,0,0,1
BRDA:31,1,0,1
BRDA:31,1,1,0
BRDA:85,2,0,105
BRDA:96,3,0,2
BRDA:96,3,1,103
BRF:6
BRH:5
end_of_record
TN:
SF:components/coach/CoachScoreForm.tsx
FN:22,CoachScoreForm
FN:45,handleSubmit
FN:68,(anonymous_3)
FN:82,(anonymous_4)
FN:83,(anonymous_5)
FN:99,(anonymous_6)
FNF:6
FNH:3
FNDA:10,CoachScoreForm
FNDA:2,handleSubmit
FNDA:45,(anonymous_3)
FNDA:0,(anonymous_4)
FNDA:0,(anonymous_5)
FNDA:0,(anonymous_6)
DA:3,1
DA:4,1
DA:5,1
DA:14,1
DA:22,6
DA:23,10
DA:24,10
DA:26,10
DA:33,10
DA:34,10
DA:35,10
DA:37,10
DA:46,2
DA:47,2
DA:48,2
DA:49,2
DA:50,2
DA:51,2
DA:57,1
DA:59,1
DA:61,2
DA:69,45
DA:83,0
DA:99,0
LF:24
LH:22
BRDA:27,0,0,10
BRDA:27,0,1,0
BRDA:28,1,0,10
BRDA:28,1,1,0
BRDA:29,2,0,10
BRDA:29,2,1,0
BRDA:30,3,0,10
BRDA:30,3,1,0
BRDA:31,4,0,10
BRDA:31,4,1,0
BRDA:37,5,0,1
BRDA:47,6,0,0
BRDA:54,7,0,2
BRDA:54,7,1,2
BRDA:59,8,0,1
BRDA:59,8,1,0
BRDA:105,9,0,9
BRDA:116,10,0,2
BRDA:116,10,1,7
BRF:19
BRH:12
end_of_record
TN:
SF:components/session/DashboardClient.tsx
FN:19,DashboardClient
FN:23,(anonymous_3)
FN:27,(anonymous_4)
FN:30,(anonymous_5)
FN:76,(anonymous_6)
FNF:5
FNH:5
FNDA:9,DashboardClient
FNDA:5,(anonymous_3)
FNDA:3,(anonymous_4)
FNDA:1,(anonymous_5)
FNDA:3,(anonymous_6)
DA:3,1
DA:4,1
DA:5,1
DA:10,1
DA:11,1
DA:12,1
DA:19,5
DA:20,9
DA:21,9
DA:23,9
DA:24,5
DA:26,5
DA:28,3
DA:31,1
DA:32,1
DA:36,9
DA:44,4
DA:53,3
DA:55,3
DA:56,1
DA:77,3
LF:21
LH:21
BRDA:24,0,0,0
BRDA:31,1,0,1
BRDA:31,1,1,0
BRDA:36,2,0,5
BRDA:44,3,0,1
BRDA:55,4,0,1
BRF:6
BRH:4
end_of_record
TN:
SF:components/session/DimensionBreakdown.tsx
FN:16,ScoreBar
FN:35,DimensionBreakdown
FN:48,(anonymous_3)
FNF:3
FNH:3
FNDA:50,ScoreBar
FNDA:10,DimensionBreakdown
FNDA:50,(anonymous_3)
DA:8,2
DA:17,50
DA:19,50
DA:35,10
DA:36,10
DA:49,50
DA:50,50
LF:7
LH:7
BRDA:19,0,0,20
BRDA:19,0,1,30
BRDA:19,1,0,27
BRDA:19,1,1,3
BRDA:40,2,0,10
BRDA:49,3,0,15
BRDA:49,3,1,35
BRDA:54,4,0,50
BRF:8
BRH:8
end_of_record
TN:
SF:components/session/EmptySessionState.tsx
FN:3,EmptySessionState
FNF:1
FNH:1
FNDA:4,EmptySessionState
DA:1,2
DA:3,4
LF:2
LH:2
BRF:0
BRH:0
end_of_record
TN:
SF:components/session/SessionCard.tsx
FN:21,SessionCard
FNF:1
FNH:1
FNDA:9,SessionCard
DA:7,2
DA:13,2
DA:21,9
DA:22,9
DA:29,9
DA:31,9
LF:6
LH:6
BRDA:29,0,0,9
BRDA:29,0,1,0
BRDA:31,1,0,9
BRDA:31,1,1,0
BRDA:52,2,0,8
BRF:5
BRH:3
end_of_record
TN:
SF:components/session/SessionDetailClient.tsx
FN:18,SessionDetailClient
FN:23,(anonymous_3)
FN:26,(anonymous_4)
FN:27,(anonymous_5)
FN:54,(anonymous_6)
FN:113,(anonymous_7)
FN:113,(anonymous_8)
FN:126,(anonymous_9)
FN:126,(anonymous_10)
FNF:9
FNH:7
FNDA:12,SessionDetailClient
FNDA:6,(anonymous_3)
FNDA:4,(anonymous_4)
FNDA:1,(anonymous_5)
FNDA:5,(anonymous_6)
FNDA:0,(anonymous_7)
FNDA:0,(anonymous_8)
FNDA:1,(anonymous_9)
FNDA:1,(anonymous_10)
DA:3,1
DA:4,1
DA:5,1
DA:7,1
DA:18,6
DA:19,12
DA:20,12
DA:21,12
DA:23,12
DA:24,6
DA:25,6
DA:26,4
DA:28,1
DA:35,12
DA:43,6
DA:52,5
DA:53,5
DA:54,5
DA:56,5
DA:57,5
DA:59,5
DA:113,0
DA:126,1
LF:23
LH:22
BRDA:24,0,0,0
BRDA:30,1,0,1
BRDA:30,1,1,0
BRDA:35,2,0,6
BRDA:43,3,0,1
BRDA:59,4,0,0
BRDA:91,5,0,5
BRDA:103,6,0,5
BRF:8
BRH:5
end_of_record
TN:
SF:components/session/TrendChart.tsx
FN:18,TrendChart
FN:29,(anonymous_2)
FN:67,(anonymous_3)
FN:91,(anonymous_4)
FN:100,(anonymous_5)
FNF:5
FNH:4
FNDA:6,TrendChart
FNDA:13,(anonymous_2)
FNDA:20,(anonymous_3)
FNDA:0,(anonymous_4)
FNDA:20,(anonymous_5)
DA:11,2
DA:18,6
DA:19,6
DA:29,13
DA:42,4
DA:68,20
DA:91,0
DA:101,20
LF:8
LH:7
BRDA:19,0,0,2
BRF:1
BRH:1
end_of_record
TN:
SF:lib/auth/AuthContext.tsx
FN:19,AuthProvider
FN:24,(anonymous_4)
FN:30,login
FN:36,register
FN:42,logout
FN:63,useAuth
FNF:6
FNH:6
FNDA:13,AuthProvider
FNDA:5,(anonymous_4)
FNDA:2,login
FNDA:1,register
FNDA:1,logout
FNDA:13,useAuth
DA:3,1
DA:4,1
DA:6,1
DA:17,1
DA:19,1
DA:20,13
DA:21,13
DA:24,13
DA:25,5
DA:26,5
DA:27,5
DA:31,2
DA:32,2
DA:33,2
DA:37,1
DA:39,1
DA:43,1
DA:44,1
DA:63,13
DA:64,13
DA:65,13
DA:66,13
LF:22
LH:22
BRDA:26,0,0,2
BRDA:65,1,0,0
BRF:2
BRH:1
end_of_record
